[Sat Nov 08 09:23:39.053261 2025] [ssl:warn] [pid 10012:tid 444] AH01909: www.example.com:443:0 server certificate does NOT include an ID which matches the server name
[Sat Nov 08 09:23:39.084502 2025] [ssl:warn] [pid 10012:tid 444] AH01909: www.example.com:443:0 server certificate does NOT include an ID which matches the server name
[Sat Nov 08 09:23:39.115745 2025] [mpm_winnt:notice] [pid 10012:tid 444] AH00455: Apache/2.4.58 (Win64) OpenSSL/3.1.3 PHP/8.0.30 configured -- resuming normal operations
[Sat Nov 08 09:23:39.115745 2025] [mpm_winnt:notice] [pid 10012:tid 444] AH00456: Apache Lounge VS17 Server built: Oct 18 2023 13:03:18
[Sat Nov 08 09:23:39.115745 2025] [core:notice] [pid 10012:tid 444] AH00094: Command line: 'C:\\xampp\\apache\\bin\\httpd.exe -d C:/xampp/apache'
[Sat Nov 08 09:23:39.131367 2025] [mpm_winnt:notice] [pid 10012:tid 444] AH00418: Parent: Created child process 9288
[Sat Nov 08 09:23:39.584384 2025] [ssl:warn] [pid 9288:tid 452] AH01909: www.example.com:443:0 server certificate does NOT include an ID which matches the server name
[Sat Nov 08 09:23:39.615627 2025] [ssl:warn] [pid 9288:tid 452] AH01909: www.example.com:443:0 server certificate does NOT include an ID which matches the server name
[Sat Nov 08 09:23:39.646868 2025] [mpm_winnt:notice] [pid 9288:tid 452] AH00354: Child: Starting 150 worker threads.
[Sat Nov 08 09:24:38.647718 2025] [ssl:warn] [pid 12584:tid 472] AH01909: www.example.com:443:0 server certificate does NOT include an ID which matches the server name
[Sat Nov 08 09:24:38.678936 2025] [ssl:warn] [pid 12584:tid 472] AH01909: www.example.com:443:0 server certificate does NOT include an ID which matches the server name
[Sat Nov 08 09:24:38.710206 2025] [mpm_winnt:notice] [pid 12584:tid 472] AH00455: Apache/2.4.58 (Win64) OpenSSL/3.1.3 PHP/8.0.30 configured -- resuming normal operations
[Sat Nov 08 09:24:38.710206 2025] [mpm_winnt:notice] [pid 12584:tid 472] AH00456: Apache Lounge VS17 Server built: Oct 18 2023 13:03:18
[Sat Nov 08 09:24:38.710206 2025] [core:notice] [pid 12584:tid 472] AH00094: Command line: 'c:\\xampp\\apache\\bin\\httpd.exe -d C:/xampp/apache'
[Sat Nov 08 09:24:38.710206 2025] [mpm_winnt:notice] [pid 12584:tid 472] AH00418: Parent: Created child process 9692
[Sat Nov 08 09:24:39.194438 2025] [ssl:warn] [pid 9692:tid 432] AH01909: www.example.com:443:0 server certificate does NOT include an ID which matches the server name
[Sat Nov 08 09:24:39.225681 2025] [ssl:warn] [pid 9692:tid 432] AH01909: www.example.com:443:0 server certificate does NOT include an ID which matches the server name
[Sat Nov 08 09:24:39.241300 2025] [mpm_winnt:notice] [pid 9692:tid 432] AH00354: Child: Starting 150 worker threads.
[Sat Nov 08 09:32:37.561065 2025] [mpm_winnt:crit] [pid 9692:tid 432] AH02538: Child: Parent process exited abruptly. Child process is ending
[Sat Nov 08 09:32:46.092602 2025] [ssl:warn] [pid 9980:tid 440] AH01909: www.example.com:443:0 server certificate does NOT include an ID which matches the server name
[Sat Nov 08 09:32:46.170992 2025] [core:warn] [pid 9980:tid 440] AH00098: pid file C:/xampp/apache/logs/httpd.pid overwritten -- Unclean shutdown of previous Apache run?
[Sat Nov 08 09:32:46.170992 2025] [ssl:warn] [pid 9980:tid 440] AH01909: www.example.com:443:0 server certificate does NOT include an ID which matches the server name
[Sat Nov 08 09:32:46.186337 2025] [mpm_winnt:notice] [pid 9980:tid 440] AH00455: Apache/2.4.58 (Win64) OpenSSL/3.1.3 PHP/8.0.30 configured -- resuming normal operations
[Sat Nov 08 09:32:46.186337 2025] [mpm_winnt:notice] [pid 9980:tid 440] AH00456: Apache Lounge VS17 Server built: Oct 18 2023 13:03:18
[Sat Nov 08 09:32:46.186337 2025] [core:notice] [pid 9980:tid 440] AH00094: Command line: 'c:\\xampp\\apache\\bin\\httpd.exe -d C:/xampp/apache'
[Sat Nov 08 09:32:46.201987 2025] [mpm_winnt:notice] [pid 9980:tid 440] AH00418: Parent: Created child process 12828
[Sat Nov 08 09:32:46.686291 2025] [ssl:warn] [pid 12828:tid 440] AH01909: www.example.com:443:0 server certificate does NOT include an ID which matches the server name
[Sat Nov 08 09:32:46.764616 2025] [ssl:warn] [pid 12828:tid 440] AH01909: www.example.com:443:0 server certificate does NOT include an ID which matches the server name
[Sat Nov 08 09:32:46.811241 2025] [mpm_winnt:notice] [pid 12828:tid 440] AH00354: Child: Starting 150 worker threads.
[Sat Nov 08 09:48:54.041719 2025] [ssl:warn] [pid 5184:tid 472] AH01909: www.example.com:443:0 server certificate does NOT include an ID which matches the server name
[Sat Nov 08 09:48:54.072932 2025] [core:warn] [pid 5184:tid 472] AH00098: pid file C:/xampp/apache/logs/httpd.pid overwritten -- Unclean shutdown of previous Apache run?
[Sat Nov 08 09:48:54.072932 2025] [ssl:warn] [pid 5184:tid 472] AH01909: www.example.com:443:0 server certificate does NOT include an ID which matches the server name
[Sat Nov 08 09:48:54.447894 2025] [mpm_winnt:notice] [pid 5184:tid 472] AH00455: Apache/2.4.58 (Win64) OpenSSL/3.1.3 PHP/8.0.30 configured -- resuming normal operations
[Sat Nov 08 09:48:54.447894 2025] [mpm_winnt:notice] [pid 5184:tid 472] AH00456: Apache Lounge VS17 Server built: Oct 18 2023 13:03:18
[Sat Nov 08 09:48:54.447894 2025] [core:notice] [pid 5184:tid 472] AH00094: Command line: 'C:\\newf\\apache\\bin\\httpd.exe -d C:/newf/apache'
[Sat Nov 08 09:48:54.447894 2025] [mpm_winnt:notice] [pid 5184:tid 472] AH00418: Parent: Created child process 3840
[Sat Nov 08 09:48:54.932149 2025] [ssl:warn] [pid 3840:tid 476] AH01909: www.example.com:443:0 server certificate does NOT include an ID which matches the server name
[Sat Nov 08 09:48:54.963394 2025] [ssl:warn] [pid 3840:tid 476] AH01909: www.example.com:443:0 server certificate does NOT include an ID which matches the server name
[Sat Nov 08 09:48:54.994667 2025] [mpm_winnt:notice] [pid 3840:tid 476] AH00354: Child: Starting 150 worker threads.
